<?xml version="1.0" encoding="UTF-8"?>
<testsuite name="com.example.taskapp.TaskAppApplicationTests" tests="1" skipped="0" failures="0" errors="0" timestamp="2024-11-17T18:52:48" hostname="DESKTOP-67R18IL" time="0.406">
  <properties/>
  <testcase name="contextLoads()" classname="com.example.taskapp.TaskAppApplicationTests" time="0.406"/>
  <system-out><![CDATA[23:52:44.532 [Test worker] INFO org.springframework.test.context.support.AnnotationConfigContextLoaderUtils -- Could not detect default configuration classes for test class [com.example.taskapp.TaskAppApplicationTests]: TaskAppApplicationTests does not declare any static, non-private, non-final, nested classes annotated with @Configuration.
23:52:44.607 [Test worker] INFO org.springframework.boot.test.context.SpringBootTestContextBootstrapper -- Found @SpringBootConfiguration com.example.taskapp.TaskAppApplication for test class com.example.taskapp.TaskAppApplicationTests

  .   ____          _            __ _ _
 /\\ / ___'_ __ _ _(_)_ __  __ _ \ \ \ \
( ( )\___ | '_ | '_| | '_ \/ _` | \ \ \ \
 \\/  ___)| |_)| | | | | || (_| |  ) ) ) )
  '  |____| .__|_| |_|_| |_\__, | / / / /
 =========|_|==============|___/=/_/_/_/
 :: Spring Boot ::                (v3.1.0)

2024-11-17T23:52:44.928+05:00  INFO 18064 --- [    Test worker] c.e.taskapp.TaskAppApplicationTests      : Starting TaskAppApplicationTests using Java 17.0.11 with PID 18064 (started by Бакытжан in C:\Users\Бакытжан\Desktop\Storage\University\Java\lab5\taskApp)
2024-11-17T23:52:44.929+05:00  INFO 18064 --- [    Test worker] c.e.taskapp.TaskAppApplicationTests      : No active profile set, falling back to 1 default profile: "default"
2024-11-17T23:52:45.458+05:00  INFO 18064 --- [    Test worker] .s.d.r.c.RepositoryConfigurationDelegate : Bootstrapping Spring Data JPA repositories in DEFAULT mode.
2024-11-17T23:52:45.520+05:00  INFO 18064 --- [    Test worker] .s.d.r.c.RepositoryConfigurationDelegate : Finished Spring Data repository scanning in 55 ms. Found 3 JPA repository interfaces.
2024-11-17T23:52:45.928+05:00  INFO 18064 --- [    Test worker] o.hibernate.jpa.internal.util.LogHelper  : HHH000204: Processing PersistenceUnitInfo [name: default]
2024-11-17T23:52:45.983+05:00  INFO 18064 --- [    Test worker] org.hibernate.Version                    : HHH000412: Hibernate ORM core version 6.2.2.Final
2024-11-17T23:52:45.985+05:00  INFO 18064 --- [    Test worker] org.hibernate.cfg.Environment            : HHH000406: Using bytecode reflection optimizer
2024-11-17T23:52:46.118+05:00  INFO 18064 --- [    Test worker] o.h.b.i.BytecodeProviderInitiator        : HHH000021: Bytecode provider name : bytebuddy
2024-11-17T23:52:46.237+05:00  INFO 18064 --- [    Test worker] o.s.o.j.p.SpringPersistenceUnitInfo      : No LoadTimeWeaver setup: ignoring JPA class transformer
2024-11-17T23:52:46.252+05:00  INFO 18064 --- [    Test worker] com.zaxxer.hikari.HikariDataSource       : HikariPool-1 - Starting...
2024-11-17T23:52:46.529+05:00  INFO 18064 --- [    Test worker] com.zaxxer.hikari.pool.HikariPool        : HikariPool-1 - Added connection org.postgresql.jdbc.PgConnection@2a7ebe07
2024-11-17T23:52:46.531+05:00  INFO 18064 --- [    Test worker] com.zaxxer.hikari.HikariDataSource       : HikariPool-1 - Start completed.
2024-11-17T23:52:46.572+05:00  INFO 18064 --- [    Test worker] org.hibernate.orm.dialect                : HHH035001: Using dialect: org.hibernate.dialect.PostgreSQLDialect, version: org.hibernate.engine.jdbc.env.internal.JdbcEnvironmentInitiator$DialectResolutionInfoImpl@75ed7512
2024-11-17T23:52:46.742+05:00  INFO 18064 --- [    Test worker] o.h.b.i.BytecodeProviderInitiator        : HHH000021: Bytecode provider name : bytebuddy
2024-11-17T23:52:47.237+05:00  INFO 18064 --- [    Test worker] o.h.e.t.j.p.i.JtaPlatformInitiator       : HHH000490: Using JtaPlatform implementation: [org.hibernate.engine.transaction.jta.platform.internal.NoJtaPlatform]
Hibernate: alter table if exists task alter column due_date set data type timestamp(6)
Hibernate: alter table if exists users alter column created_at set data type timestamp(6)
2024-11-17T23:52:47.306+05:00  INFO 18064 --- [    Test worker] j.LocalContainerEntityManagerFactoryBean : Initialized JPA EntityManagerFactory for persistence unit 'default'
2024-11-17T23:52:47.608+05:00  WARN 18064 --- [    Test worker] JpaBaseConfiguration$JpaWebConfiguration : spring.jpa.open-in-view is enabled by default. Therefore, database queries may be performed during view rendering. Explicitly configure spring.jpa.open-in-view to disable this warning
2024-11-17T23:52:47.881+05:00  INFO 18064 --- [    Test worker] o.s.s.web.DefaultSecurityFilterChain     : Will secure any request with [org.springframework.security.web.session.DisableEncodeUrlFilter@6892d403, org.springframework.security.web.context.request.async.WebAsyncManagerIntegrationFilter@3fb42ec7, org.springframework.security.web.context.SecurityContextHolderFilter@442151d1, org.springframework.security.web.header.HeaderWriterFilter@62158618, org.springframework.security.web.csrf.CsrfFilter@22a2e581, org.springframework.security.web.authentication.logout.LogoutFilter@62977afb, org.springframework.security.web.authentication.UsernamePasswordAuthenticationFilter@5b4880b3, org.springframework.security.web.savedrequest.RequestCacheAwareFilter@79080255, org.springframework.security.web.servletapi.SecurityContextHolderAwareRequestFilter@d863bb, org.springframework.security.web.authentication.AnonymousAuthenticationFilter@1f7b1d6a, org.springframework.security.web.access.ExceptionTranslationFilter@3006aef5, org.springframework.security.web.access.intercept.AuthorizationFilter@2d4f1ddd]
2024-11-17T23:52:48.163+05:00  INFO 18064 --- [    Test worker] c.e.taskapp.TaskAppApplicationTests      : Started TaskAppApplicationTests in 3.437 seconds (process running for 4.349)
]]></system-out>
  <system-err><![CDATA[]]></system-err>
</testsuite>
